$************** ANSYS(R) SCADE Suite(R) - SCADETOC - Version 2020 R2 (build 20200528T211637) **************
** Generation date: 2021-03-28T15:35:25
** Command: scade -code "D:\study\3A\ROB301\projet_landing\projet_operators\projet_operators.etp" -root ifvalid_sensor -conf Simulation -sim -all
*************************************************************$
*** Generated Files Information (GENFIL): KCG- Generated files
  at file D:\study\3A\ROB301\projet_landing\projet_operators\Simulation\mapping.xml, line 0, character 0
 ~mapping.xml
  at file D:\study\3A\ROB301\projet_landing\projet_operators\Simulation\kcg_metrics.txt, line 0, character 0
 ~kcg_metrics.txt
  at file D:\study\3A\ROB301\projet_landing\projet_operators\Simulation\ifvalid_sensor.c, line 0, character 0
 ~ifvalid_sensor.c
  at file D:\study\3A\ROB301\projet_landing\projet_operators\Simulation\ifvalid_sensor.h, line 0, character 0
 ~ifvalid_sensor.h
  at file D:\study\3A\ROB301\projet_landing\projet_operators\Simulation\kcg_types.h, line 0, character 0
 ~kcg_types.h
  at file D:\study\3A\ROB301\projet_landing\projet_operators\Simulation\kcg_consts.h, line 0, character 0
 ~kcg_consts.h
  at file D:\study\3A\ROB301\projet_landing\projet_operators\Simulation\kcg_sensors.h, line 0, character 0
 ~kcg_sensors.h
  at file D:\study\3A\ROB301\projet_landing\projet_operators\Simulation\kcg_types.c, line 0, character 0
 ~kcg_types.c
  at file D:\study\3A\ROB301\projet_landing\projet_operators\Simulation\kcg_consts.c, line 0, character 0
 ~kcg_consts.c
  at file D:\study\3A\ROB301\projet_landing\projet_operators\Simulation\config.txt, line 0, character 0
 ~config.txt
*** Generated Files Information (GENFIL): Code Generator Generated files
  at file D:\study\3A\ROB301\projet_landing\projet_operators\Simulation\user_macros.h, line 0, character 0
 ~user_macros.h
  at file D:\study\3A\ROB301\projet_landing\projet_operators\Simulation\kcg_imported_types.h, line 0, character 0
 ~kcg_imported_types.h
  at file D:\study\3A\ROB301\projet_landing\projet_operators\Simulation\sc2c.log, line 0, character 0
 ~sc2c.log
  at file D:\study\3A\ROB301\projet_landing\projet_operators\Simulation\sc2c_integration_files.txt, line 0, character 0
 ~sc2c_integration_files.txt
*** Generated Files Information (GENFIL): Type Utils Generated files
  at file D:\study\3A\ROB301\projet_landing\projet_operators\Simulation\projet_operators_type.h, line 0, character 0
 ~projet_operators_type.h
  at file D:\study\3A\ROB301\projet_landing\projet_operators\Simulation\projet_operators_type.c, line 0, character 0
 ~projet_operators_type.c
*** Generated Files Information (GENFIL): Mapping Utils Generated files
  at file D:\study\3A\ROB301\projet_landing\projet_operators\Simulation\projet_operators_mapping.h, line 0, character 0
 ~projet_operators_mapping.h
  at file D:\study\3A\ROB301\projet_landing\projet_operators\Simulation\projet_operators_mapping.c, line 0, character 0
 ~projet_operators_mapping.c
*** Generated Files Information (GENFIL): Simulator Generated files
  at file D:\study\3A\ROB301\projet_landing\projet_operators\Simulation\projet_operators_interface.h, line 0, character 0
 ~projet_operators_interface.h
  at file D:\study\3A\ROB301\projet_landing\projet_operators\Simulation\projet_operators_interface.c, line 0, character 0
 ~projet_operators_interface.c
  at file D:\study\3A\ROB301\projet_landing\projet_operators\Simulation\projet_operators_dll.c, line 0, character 0
 ~projet_operators_dll.c
*** Generated Files Information (GENFIL): Build Generated files
  at file D:\study\3A\ROB301\projet_landing\projet_operators\Simulation\Makefile_win64, line 0, character 0
 ~Makefile_win64
  at file D:\study\3A\ROB301\projet_landing\projet_operators\Simulation\ifvalid_sensor.dll, line 0, character 0
 ~ifvalid_sensor.dll
  at file D:\study\3A\ROB301\projet_landing\projet_operators\Simulation\ifvalid_sensor.exe, line 0, character 0
 ~ifvalid_sensor.exe
$************** ANSYS(R) SCADE Suite(R) - SCADETOC - Version 2020 R2 (build 20200528T211637) **************
** Generation date: 2021-03-28T15:35:30
** sc2c.log
*************************************************************$
